{"created": 1731932901.0108476, "duration": 92.052090883255, "exitcode": 1, "root": "C:\\Users\\thoma\\Documents\\GitHub\\selenium-testing\\tests", "environment": {}, "summary": {"passed": 26, "failed": 13, "total": 39, "collected": 39}, "collectors": [{"nodeid": "", "outcome": "passed", "result": [{"nodeid": ".", "type": "Dir"}]}, {"nodeid": "archive", "outcome": "passed", "result": []}, {"nodeid": "assets", "outcome": "passed", "result": []}, {"nodeid": "test_for_selenium.py", "outcome": "passed", "result": [{"nodeid": "test_for_selenium.py::test_google_search", "type": "Function", "lineno": 14}, {"nodeid": "test_for_selenium.py::test_youtube_homepage", "type": "Function", "lineno": 20}, {"nodeid": "test_for_selenium.py::test_google_search_results", "type": "Function", "lineno": 34}, {"nodeid": "test_for_selenium.py::test_wikipedia_homepage", "type": "Function", "lineno": 44}, {"nodeid": "test_for_selenium.py::test_amazon_search", "type": "Function", "lineno": 54}, {"nodeid": "test_for_selenium.py::test_twitter_title", "type": "Function", "lineno": 63}, {"nodeid": "test_for_selenium.py::test_github_title", "type": "Function", "lineno": 69}, {"nodeid": "test_for_selenium.py::test_github_search", "type": "Function", "lineno": 73}]}, {"nodeid": "test_generic_asserts_all_passes.py", "outcome": "passed", "result": [{"nodeid": "test_generic_asserts_all_passes.py::test_addition", "type": "Function", "lineno": 2}, {"nodeid": "test_generic_asserts_all_passes.py::test_subtraction", "type": "Function", "lineno": 6}, {"nodeid": "test_generic_asserts_all_passes.py::test_multiplication", "type": "Function", "lineno": 10}, {"nodeid": "test_generic_asserts_all_passes.py::test_division", "type": "Function", "lineno": 14}, {"nodeid": "test_generic_asserts_all_passes.py::test_string_concatenation", "type": "Function", "lineno": 18}, {"nodeid": "test_generic_asserts_all_passes.py::test_string_length", "type": "Function", "lineno": 22}, {"nodeid": "test_generic_asserts_all_passes.py::test_substring_presence", "type": "Function", "lineno": 26}, {"nodeid": "test_generic_asserts_all_passes.py::test_list_length", "type": "Function", "lineno": 30}, {"nodeid": "test_generic_asserts_all_passes.py::test_list_contains_element", "type": "Function", "lineno": 34}, {"nodeid": "test_generic_asserts_all_passes.py::test_dict_key_presence", "type": "Function", "lineno": 38}, {"nodeid": "test_generic_asserts_all_passes.py::test_boolean_value", "type": "Function", "lineno": 42}, {"nodeid": "test_generic_asserts_all_passes.py::test_negative_number", "type": "Function", "lineno": 46}, {"nodeid": "test_generic_asserts_all_passes.py::test_division_by_zero", "type": "Function", "lineno": 50}]}, {"nodeid": "test_generic_asserts_none_passes.py", "outcome": "passed", "result": [{"nodeid": "test_generic_asserts_none_passes.py::test_addition_fail", "type": "Function", "lineno": 2}, {"nodeid": "test_generic_asserts_none_passes.py::test_subtraction_fail", "type": "Function", "lineno": 6}, {"nodeid": "test_generic_asserts_none_passes.py::test_multiplication_fail", "type": "Function", "lineno": 10}, {"nodeid": "test_generic_asserts_none_passes.py::test_division_by_zero_fail", "type": "Function", "lineno": 14}]}, {"nodeid": "test_generic_asserts_some_passes.py", "outcome": "passed", "result": [{"nodeid": "test_generic_asserts_some_passes.py::test_addition_pass", "type": "Function", "lineno": 2}, {"nodeid": "test_generic_asserts_some_passes.py::test_addition_fail", "type": "Function", "lineno": 6}, {"nodeid": "test_generic_asserts_some_passes.py::test_subtraction_pass", "type": "Function", "lineno": 10}, {"nodeid": "test_generic_asserts_some_passes.py::test_subtraction_fail", "type": "Function", "lineno": 14}, {"nodeid": "test_generic_asserts_some_passes.py::test_multiplication_pass", "type": "Function", "lineno": 18}, {"nodeid": "test_generic_asserts_some_passes.py::test_multiplication_fail", "type": "Function", "lineno": 22}, {"nodeid": "test_generic_asserts_some_passes.py::test_division_pass", "type": "Function", "lineno": 26}, {"nodeid": "test_generic_asserts_some_passes.py::test_division_fail", "type": "Function", "lineno": 30}, {"nodeid": "test_generic_asserts_some_passes.py::test_string_concatenation_pass", "type": "Function", "lineno": 34}, {"nodeid": "test_generic_asserts_some_passes.py::test_string_concatenation_fail", "type": "Function", "lineno": 38}, {"nodeid": "test_generic_asserts_some_passes.py::test_list_contains_element_pass", "type": "Function", "lineno": 42}, {"nodeid": "test_generic_asserts_some_passes.py::test_list_contains_element_fail", "type": "Function", "lineno": 46}, {"nodeid": "test_generic_asserts_some_passes.py::test_dict_key_presence_pass", "type": "Function", "lineno": 50}, {"nodeid": "test_generic_asserts_some_passes.py::test_dict_key_presence_fail", "type": "Function", "lineno": 54}]}, {"nodeid": ".", "outcome": "passed", "result": [{"nodeid": "archive", "type": "Dir"}, {"nodeid": "assets", "type": "Dir"}, {"nodeid": "test_for_selenium.py", "type": "Module"}, {"nodeid": "test_generic_asserts_all_passes.py", "type": "Module"}, {"nodeid": "test_generic_asserts_none_passes.py", "type": "Module"}, {"nodeid": "test_generic_asserts_some_passes.py", "type": "Module"}]}], "tests": [{"nodeid": "test_for_selenium.py::test_google_search", "lineno": 14, "outcome": "passed", "keywords": ["test_google_search", "test_for_selenium.py", "tests", ""], "setup": {"duration": 1.3203382000792772, "outcome": "passed"}, "call": {"duration": 1.6287491000257432, "outcome": "passed"}, "teardown": {"duration": 2.1271631999406964, "outcome": "passed"}}, {"nodeid": "test_for_selenium.py::test_youtube_homepage", "lineno": 20, "outcome": "passed", "keywords": ["test_youtube_homepage", "test_for_selenium.py", "tests", ""], "setup": {"duration": 5.250863499939442, "outcome": "passed"}, "call": {"duration": 3.994040100136772, "outcome": "passed"}, "teardown": {"duration": 2.3190773997921497, "outcome": "passed"}}, {"nodeid": "test_for_selenium.py::test_google_search_results", "lineno": 34, "outcome": "passed", "keywords": ["test_google_search_results", "test_for_selenium.py", "tests", ""], "setup": {"duration": 5.2203050998505205, "outcome": "passed"}, "call": {"duration": 3.2987808999605477, "outcome": "passed"}, "teardown": {"duration": 2.126751300180331, "outcome": "passed"}}, {"nodeid": "test_for_selenium.py::test_wikipedia_homepage", "lineno": 44, "outcome": "failed", "keywords": ["test_wikipedia_homepage", "test_for_selenium.py", "tests", ""], "setup": {"duration": 5.238152399891987, "outcome": "passed"}, "call": {"duration": 3.612805499928072, "outcome": "failed", "crash": {"path": "C:\\Users\\thoma\\Documents\\GitHub\\selenium-testing\\tests\\test_for_selenium.py", "lineno": 52, "message": "assert 'Selenium' in 'Sel\u00eanio \u2013 Wikip\u00e9dia, a enciclop\u00e9dia livre'\n +  where 'Sel\u00eanio \u2013 Wikip\u00e9dia, a enciclop\u00e9dia livre' = <selenium.webdriver.chrome.webdriver.WebDriver (session=\"0704e51030c687d22b3c3400b252f8f2\")>.title"}, "traceback": [{"path": "test_for_selenium.py", "lineno": 52, "message": "AssertionError"}], "longrepr": "driver = <selenium.webdriver.chrome.webdriver.WebDriver (session=\"0704e51030c687d22b3c3400b252f8f2\")>\n\n    def test_wikipedia_homepage(driver):\n        driver.get(\"https://www.wikipedia.org/\")\n        assert \"Wikipedia\" in driver.title\n        search_box = driver.find_element(By.NAME, \"search\")\n        search_box.send_keys(\"Selenium\")\n        search_box.send_keys(Keys.RETURN)\n        time.sleep(2)\n>       assert \"Selenium\" in driver.title\nE       assert 'Selenium' in 'Sel\u00eanio \u2013 Wikip\u00e9dia, a enciclop\u00e9dia livre'\nE        +  where 'Sel\u00eanio \u2013 Wikip\u00e9dia, a enciclop\u00e9dia livre' = <selenium.webdriver.chrome.webdriver.WebDriver (session=\"0704e51030c687d22b3c3400b252f8f2\")>.title\n\ntest_for_selenium.py:52: AssertionError"}, "teardown": {"duration": 2.189121500123292, "outcome": "passed"}}, {"nodeid": "test_for_selenium.py::test_amazon_search", "lineno": 54, "outcome": "passed", "keywords": ["test_amazon_search", "test_for_selenium.py", "tests", ""], "setup": {"duration": 1.140083499951288, "outcome": "passed"}, "call": {"duration": 5.454121999908239, "outcome": "passed"}, "teardown": {"duration": 2.1610353998839855, "outcome": "passed"}}, {"nodeid": "test_for_selenium.py::test_twitter_title", "lineno": 63, "outcome": "passed", "keywords": ["test_twitter_title", "test_for_selenium.py", "tests", ""], "setup": {"duration": 5.322840000037104, "outcome": "passed"}, "call": {"duration": 4.8461772000882775, "outcome": "passed"}, "teardown": {"duration": 2.142657099990174, "outcome": "passed"}}, {"nodeid": "test_for_selenium.py::test_github_title", "lineno": 69, "outcome": "passed", "keywords": ["test_github_title", "test_for_selenium.py", "tests", ""], "setup": {"duration": 5.262208099942654, "outcome": "passed"}, "call": {"duration": 2.0125129998195916, "outcome": "passed"}, "teardown": {"duration": 2.1681029999163, "outcome": "passed"}}, {"nodeid": "test_for_selenium.py::test_github_search", "lineno": 73, "outcome": "failed", "keywords": ["test_github_search", "test_for_selenium.py", "tests", ""], "setup": {"duration": 5.140317799989134, "outcome": "passed"}, "call": {"duration": 11.590670899953693, "outcome": "failed", "crash": {"path": "C:\\Users\\thoma\\AppData\\Local\\Packages\\PythonSoftwareFoundation.Python.3.12_qbz5n2kfra8p0\\LocalCache\\local-packages\\Python312\\site-packages\\selenium\\webdriver\\remote\\errorhandler.py", "lineno": 229, "message": "selenium.common.exceptions.NoSuchElementException: Message: no such element: Unable to locate element: {\"method\":\"css selector\",\"selector\":\"[name=\"q\"]\"}\n  (Session info: chrome=130.0.6723.119); For documentation on this error, please visit: https://www.selenium.dev/documentation/webdriver/troubleshooting/errors#no-such-element-exception\nStacktrace:\n\tGetHandleVerifier [0x00DCEBD3+24307]\n\t(No symbol) [0x00D58D74]\n\t(No symbol) [0x00C3C323]\n\t(No symbol) [0x00C7DC86]\n\t(No symbol) [0x00C7DECB]\n\t(No symbol) [0x00CBB9F2]\n\t(No symbol) [0x00C9FED4]\n\t(No symbol) [0x00CB9579]\n\t(No symbol) [0x00C9FC26]\n\t(No symbol) [0x00C7219C]\n\t(No symbol) [0x00C7311D]\n\tGetHandleVerifier [0x01078D93+2818227]\n\tGetHandleVerifier [0x010D542E+3196750]\n\tGetHandleVerifier [0x010CD9D2+3165426]\n\tGetHandleVerifier [0x00E6DA70+675216]\n\t(No symbol) [0x00D61B3D]\n\t(No symbol) [0x00D5EA18]\n\t(No symbol) [0x00D5EBB5]\n\t(No symbol) [0x00D51640]\n\tBaseThreadInitThunk [0x75917BA9+25]\n\tRtlInitializeExceptionChain [0x7761C0CB+107]\n\tRtlClearBits [0x7761C04F+191]"}, "traceback": [{"path": "test_for_selenium.py", "lineno": 76, "message": ""}, {"path": "..\\..\\..\\..\\AppData\\Local\\Packages\\PythonSoftwareFoundation.Python.3.12_qbz5n2kfra8p0\\LocalCache\\local-packages\\Python312\\site-packages\\selenium\\webdriver\\remote\\webdriver.py", "lineno": 766, "message": "in find_element"}, {"path": "..\\..\\..\\..\\AppData\\Local\\Packages\\PythonSoftwareFoundation.Python.3.12_qbz5n2kfra8p0\\LocalCache\\local-packages\\Python312\\site-packages\\selenium\\webdriver\\remote\\webdriver.py", "lineno": 380, "message": "in execute"}, {"path": "..\\..\\..\\..\\AppData\\Local\\Packages\\PythonSoftwareFoundation.Python.3.12_qbz5n2kfra8p0\\LocalCache\\local-packages\\Python312\\site-packages\\selenium\\webdriver\\remote\\errorhandler.py", "lineno": 229, "message": "NoSuchElementException"}], "longrepr": "driver = <selenium.webdriver.chrome.webdriver.WebDriver (session=\"a4588fdc975bd198fe3124539b3e7a8d\")>\n\n    def test_github_search(driver):\n        driver.get(\"https://github.com\")\n>       search_box = driver.find_element(By.NAME, \"q\")\n\ntest_for_selenium.py:76: \n_ _ _ _ _ _ _ _ _ _ _ _ _ _ _ _ _ _ _ _ _ _ _ _ _ _ _ _ _ _ _ _ _ _ _ _ _ _ _ _ _ _ _ _ _ _ _ _ _ _ _ _ _ _ _ _ _ _ _ _\n..\\..\\..\\..\\AppData\\Local\\Packages\\PythonSoftwareFoundation.Python.3.12_qbz5n2kfra8p0\\LocalCache\\local-packages\\Python312\\site-packages\\selenium\\webdriver\\remote\\webdriver.py:766: in find_element\n    return self.execute(Command.FIND_ELEMENT, {\"using\": by, \"value\": value})[\"value\"]\n..\\..\\..\\..\\AppData\\Local\\Packages\\PythonSoftwareFoundation.Python.3.12_qbz5n2kfra8p0\\LocalCache\\local-packages\\Python312\\site-packages\\selenium\\webdriver\\remote\\webdriver.py:380: in execute\n    self.error_handler.check_response(response)\n_ _ _ _ _ _ _ _ _ _ _ _ _ _ _ _ _ _ _ _ _ _ _ _ _ _ _ _ _ _ _ _ _ _ _ _ _ _ _ _ _ _ _ _ _ _ _ _ _ _ _ _ _ _ _ _ _ _ _ _\n\nself = <selenium.webdriver.remote.errorhandler.ErrorHandler object at 0x0000023386A6EF90>\nresponse = {'status': 404, 'value': '{\"value\":{\"error\":\"no such element\",\"message\":\"no such element: Unable to locate element: {\\...dInitThunk [0x75917BA9+25]\\\\n\\\\tRtlInitializeExceptionChain [0x7761C0CB+107]\\\\n\\\\tRtlClearBits [0x7761C04F+191]\\\\n\"}}'}\n\n    def check_response(self, response: Dict[str, Any]) -> None:\n        \"\"\"Checks that a JSON response from the WebDriver does not have an\n        error.\n    \n        :Args:\n         - response - The JSON response from the WebDriver server as a dictionary\n           object.\n    \n        :Raises: If the response contains an error message.\n        \"\"\"\n        status = response.get(\"status\", None)\n        if not status or status == ErrorCode.SUCCESS:\n            return\n        value = None\n        message = response.get(\"message\", \"\")\n        screen: str = response.get(\"screen\", \"\")\n        stacktrace = None\n        if isinstance(status, int):\n            value_json = response.get(\"value\", None)\n            if value_json and isinstance(value_json, str):\n                import json\n    \n                try:\n                    value = json.loads(value_json)\n                    if len(value) == 1:\n                        value = value[\"value\"]\n                    status = value.get(\"error\", None)\n                    if not status:\n                        status = value.get(\"status\", ErrorCode.UNKNOWN_ERROR)\n                        message = value.get(\"value\") or value.get(\"message\")\n                        if not isinstance(message, str):\n                            value = message\n                            message = message.get(\"message\")\n                    else:\n                        message = value.get(\"message\", None)\n                except ValueError:\n                    pass\n    \n        exception_class: Type[WebDriverException]\n        e = ErrorCode()\n        error_codes = [item for item in dir(e) if not item.startswith(\"__\")]\n        for error_code in error_codes:\n            error_info = getattr(ErrorCode, error_code)\n            if isinstance(error_info, list) and status in error_info:\n                exception_class = getattr(ExceptionMapping, error_code, WebDriverException)\n                break\n        else:\n            exception_class = WebDriverException\n    \n        if not value:\n            value = response[\"value\"]\n        if isinstance(value, str):\n            raise exception_class(value)\n        if message == \"\" and \"message\" in value:\n            message = value[\"message\"]\n    \n        screen = None  # type: ignore[assignment]\n        if \"screen\" in value:\n            screen = value[\"screen\"]\n    \n        stacktrace = None\n        st_value = value.get(\"stackTrace\") or value.get(\"stacktrace\")\n        if st_value:\n            if isinstance(st_value, str):\n                stacktrace = st_value.split(\"\\n\")\n            else:\n                stacktrace = []\n                try:\n                    for frame in st_value:\n                        line = frame.get(\"lineNumber\", \"\")\n                        file = frame.get(\"fileName\", \"<anonymous>\")\n                        if line:\n                            file = f\"{file}:{line}\"\n                        meth = frame.get(\"methodName\", \"<anonymous>\")\n                        if \"className\" in frame:\n                            meth = f\"{frame['className']}.{meth}\"\n                        msg = \"    at %s (%s)\"\n                        msg = msg % (meth, file)\n                        stacktrace.append(msg)\n                except TypeError:\n                    pass\n        if exception_class == UnexpectedAlertPresentException:\n            alert_text = None\n            if \"data\" in value:\n                alert_text = value[\"data\"].get(\"text\")\n            elif \"alert\" in value:\n                alert_text = value[\"alert\"].get(\"text\")\n            raise exception_class(message, screen, stacktrace, alert_text)  # type: ignore[call-arg]  # mypy is not smart enough here\n>       raise exception_class(message, screen, stacktrace)\nE       selenium.common.exceptions.NoSuchElementException: Message: no such element: Unable to locate element: {\"method\":\"css selector\",\"selector\":\"[name=\"q\"]\"}\nE         (Session info: chrome=130.0.6723.119); For documentation on this error, please visit: https://www.selenium.dev/documentation/webdriver/troubleshooting/errors#no-such-element-exception\nE       Stacktrace:\nE       \tGetHandleVerifier [0x00DCEBD3+24307]\nE       \t(No symbol) [0x00D58D74]\nE       \t(No symbol) [0x00C3C323]\nE       \t(No symbol) [0x00C7DC86]\nE       \t(No symbol) [0x00C7DECB]\nE       \t(No symbol) [0x00CBB9F2]\nE       \t(No symbol) [0x00C9FED4]\nE       \t(No symbol) [0x00CB9579]\nE       \t(No symbol) [0x00C9FC26]\nE       \t(No symbol) [0x00C7219C]\nE       \t(No symbol) [0x00C7311D]\nE       \tGetHandleVerifier [0x01078D93+2818227]\nE       \tGetHandleVerifier [0x010D542E+3196750]\nE       \tGetHandleVerifier [0x010CD9D2+3165426]\nE       \tGetHandleVerifier [0x00E6DA70+675216]\nE       \t(No symbol) [0x00D61B3D]\nE       \t(No symbol) [0x00D5EA18]\nE       \t(No symbol) [0x00D5EBB5]\nE       \t(No symbol) [0x00D51640]\nE       \tBaseThreadInitThunk [0x75917BA9+25]\nE       \tRtlInitializeExceptionChain [0x7761C0CB+107]\nE       \tRtlClearBits [0x7761C04F+191]\n\n..\\..\\..\\..\\AppData\\Local\\Packages\\PythonSoftwareFoundation.Python.3.12_qbz5n2kfra8p0\\LocalCache\\local-packages\\Python312\\site-packages\\selenium\\webdriver\\remote\\errorhandler.py:229: NoSuchElementException"}, "teardown": {"duration": 2.1703451999928802, "outcome": "passed"}}, {"nodeid": "test_generic_asserts_all_passes.py::test_addition", "lineno": 2, "outcome": "passed", "keywords": ["test_addition", "test_generic_asserts_all_passes.py", "tests", ""], "setup": {"duration": 0.0003074998967349529, "outcome": "passed"}, "call": {"duration": 0.00017799995839595795, "outcome": "passed"}, "teardown": {"duration": 0.00023259990848600864, "outcome": "passed"}}, {"nodeid": "test_generic_asserts_all_passes.py::test_subtraction", "lineno": 6, "outcome": "passed", "keywords": ["test_subtraction", "test_generic_asserts_all_passes.py", "tests", ""], "setup": {"duration": 0.00015700003132224083, "outcome": "passed"}, "call": {"duration": 0.00015059998258948326, "outcome": "passed"}, "teardown": {"duration": 0.0002631999086588621, "outcome": "passed"}}, {"nodeid": "test_generic_asserts_all_passes.py::test_multiplication", "lineno": 10, "outcome": "passed", "keywords": ["test_multiplication", "test_generic_asserts_all_passes.py", "tests", ""], "setup": {"duration": 0.00017310003750026226, "outcome": "passed"}, "call": {"duration": 0.00015750015154480934, "outcome": "passed"}, "teardown": {"duration": 0.00019129994325339794, "outcome": "passed"}}, {"nodeid": "test_generic_asserts_all_passes.py::test_division", "lineno": 14, "outcome": "passed", "keywords": ["test_division", "test_generic_asserts_all_passes.py", "tests", ""], "setup": {"duration": 0.000170599902048707, "outcome": "passed"}, "call": {"duration": 0.00017700018361210823, "outcome": "passed"}, "teardown": {"duration": 0.00025120005011558533, "outcome": "passed"}}, {"nodeid": "test_generic_asserts_all_passes.py::test_string_concatenation", "lineno": 18, "outcome": "passed", "keywords": ["test_string_concatenation", "test_generic_asserts_all_passes.py", "tests", ""], "setup": {"duration": 0.0001534000039100647, "outcome": "passed"}, "call": {"duration": 0.00015989993698894978, "outcome": "passed"}, "teardown": {"duration": 0.00017939996905624866, "outcome": "passed"}}, {"nodeid": "test_generic_asserts_all_passes.py::test_string_length", "lineno": 22, "outcome": "passed", "keywords": ["test_string_length", "test_generic_asserts_all_passes.py", "tests", ""], "setup": {"duration": 0.00014730007387697697, "outcome": "passed"}, "call": {"duration": 0.00015820004045963287, "outcome": "passed"}, "teardown": {"duration": 0.00017790007404983044, "outcome": "passed"}}, {"nodeid": "test_generic_asserts_all_passes.py::test_substring_presence", "lineno": 26, "outcome": "passed", "keywords": ["test_substring_presence", "test_generic_asserts_all_passes.py", "tests", ""], "setup": {"duration": 0.00014619994908571243, "outcome": "passed"}, "call": {"duration": 0.00015660002827644348, "outcome": "passed"}, "teardown": {"duration": 0.00020510004833340645, "outcome": "passed"}}, {"nodeid": "test_generic_asserts_all_passes.py::test_list_length", "lineno": 30, "outcome": "passed", "keywords": ["test_list_length", "test_generic_asserts_all_passes.py", "tests", ""], "setup": {"duration": 0.00015150010585784912, "outcome": "passed"}, "call": {"duration": 0.0001471999567002058, "outcome": "passed"}, "teardown": {"duration": 0.0001775999553501606, "outcome": "passed"}}, {"nodeid": "test_generic_asserts_all_passes.py::test_list_contains_element", "lineno": 34, "outcome": "passed", "keywords": ["test_list_contains_element", "test_generic_asserts_all_passes.py", "tests", ""], "setup": {"duration": 0.00014399993233382702, "outcome": "passed"}, "call": {"duration": 0.0001471000723540783, "outcome": "passed"}, "teardown": {"duration": 0.00017830007709562778, "outcome": "passed"}}, {"nodeid": "test_generic_asserts_all_passes.py::test_dict_key_presence", "lineno": 38, "outcome": "passed", "keywords": ["test_dict_key_presence", "test_generic_asserts_all_passes.py", "tests", ""], "setup": {"duration": 0.0001455000601708889, "outcome": "passed"}, "call": {"duration": 0.00016199983656406403, "outcome": "passed"}, "teardown": {"duration": 0.0001759000588208437, "outcome": "passed"}}, {"nodeid": "test_generic_asserts_all_passes.py::test_boolean_value", "lineno": 42, "outcome": "passed", "keywords": ["test_boolean_value", "test_generic_asserts_all_passes.py", "tests", ""], "setup": {"duration": 0.00014829984866082668, "outcome": "passed"}, "call": {"duration": 0.00014730007387697697, "outcome": "passed"}, "teardown": {"duration": 0.0001783999614417553, "outcome": "passed"}}, {"nodeid": "test_generic_asserts_all_passes.py::test_negative_number", "lineno": 46, "outcome": "passed", "keywords": ["test_negative_number", "test_generic_asserts_all_passes.py", "tests", ""], "setup": {"duration": 0.0001526998821645975, "outcome": "passed"}, "call": {"duration": 0.00014560017734766006, "outcome": "passed"}, "teardown": {"duration": 0.00017669983208179474, "outcome": "passed"}}, {"nodeid": "test_generic_asserts_all_passes.py::test_division_by_zero", "lineno": 50, "outcome": "passed", "keywords": ["test_division_by_zero", "test_generic_asserts_all_passes.py", "tests", ""], "setup": {"duration": 0.00024470011703670025, "outcome": "passed"}, "call": {"duration": 0.00028220005333423615, "outcome": "passed"}, "teardown": {"duration": 0.00017259991727769375, "outcome": "passed"}}, {"nodeid": "test_generic_asserts_none_passes.py::test_addition_fail", "lineno": 2, "outcome": "failed", "keywords": ["test_addition_fail", "test_generic_asserts_none_passes.py", "tests", ""], "setup": {"duration": 0.00015380000695586205, "outcome": "passed"}, "call": {"duration": 0.00023710005916655064, "outcome": "failed", "crash": {"path": "C:\\Users\\thoma\\Documents\\GitHub\\selenium-testing\\tests\\test_generic_asserts_none_passes.py", "lineno": 5, "message": "assert 5 == 6"}, "traceback": [{"path": "test_generic_asserts_none_passes.py", "lineno": 5, "message": "AssertionError"}], "longrepr": "def test_addition_fail():\n        result = 2 + 3\n>       assert result == 6  # Fails\nE       assert 5 == 6\n\ntest_generic_asserts_none_passes.py:5: AssertionError"}, "teardown": {"duration": 0.00018509989604353905, "outcome": "passed"}}, {"nodeid": "test_generic_asserts_none_passes.py::test_subtraction_fail", "lineno": 6, "outcome": "failed", "keywords": ["test_subtraction_fail", "test_generic_asserts_none_passes.py", "tests", ""], "setup": {"duration": 0.00014570006169378757, "outcome": "passed"}, "call": {"duration": 0.0001993000041693449, "outcome": "failed", "crash": {"path": "C:\\Users\\thoma\\Documents\\GitHub\\selenium-testing\\tests\\test_generic_asserts_none_passes.py", "lineno": 9, "message": "assert 6 == 5"}, "traceback": [{"path": "test_generic_asserts_none_passes.py", "lineno": 9, "message": "AssertionError"}], "longrepr": "def test_subtraction_fail():\n        result = 10 - 4\n>       assert result == 5  # Fails\nE       assert 6 == 5\n\ntest_generic_asserts_none_passes.py:9: AssertionError"}, "teardown": {"duration": 0.00017870008014142513, "outcome": "passed"}}, {"nodeid": "test_generic_asserts_none_passes.py::test_multiplication_fail", "lineno": 10, "outcome": "failed", "keywords": ["test_multiplication_fail", "test_generic_asserts_none_passes.py", "tests", ""], "setup": {"duration": 0.0001354000996798277, "outcome": "passed"}, "call": {"duration": 0.00018250010907649994, "outcome": "failed", "crash": {"path": "C:\\Users\\thoma\\Documents\\GitHub\\selenium-testing\\tests\\test_generic_asserts_none_passes.py", "lineno": 13, "message": "assert 21 == 20"}, "traceback": [{"path": "test_generic_asserts_none_passes.py", "lineno": 13, "message": "AssertionError"}], "longrepr": "def test_multiplication_fail():\n        result = 7 * 3\n>       assert result == 20  # Fails\nE       assert 21 == 20\n\ntest_generic_asserts_none_passes.py:13: AssertionError"}, "teardown": {"duration": 0.00016029994003474712, "outcome": "passed"}}, {"nodeid": "test_generic_asserts_none_passes.py::test_division_by_zero_fail", "lineno": 14, "outcome": "failed", "keywords": ["test_division_by_zero_fail", "test_generic_asserts_none_passes.py", "tests", ""], "setup": {"duration": 0.0001463999506086111, "outcome": "passed"}, "call": {"duration": 0.000156699912622571, "outcome": "failed", "crash": {"path": "C:\\Users\\thoma\\Documents\\GitHub\\selenium-testing\\tests\\test_generic_asserts_none_passes.py", "lineno": 17, "message": "ZeroDivisionError: division by zero"}, "traceback": [{"path": "test_generic_asserts_none_passes.py", "lineno": 17, "message": "ZeroDivisionError"}], "longrepr": "def test_division_by_zero_fail():\n        with pytest.raises(ValueError):  # Incorrect exception\n>           result = 1 / 0\nE           ZeroDivisionError: division by zero\n\ntest_generic_asserts_none_passes.py:17: ZeroDivisionError"}, "teardown": {"duration": 0.00016569998115301132, "outcome": "passed"}}, {"nodeid": "test_generic_asserts_some_passes.py::test_addition_pass", "lineno": 2, "outcome": "passed", "keywords": ["test_addition_pass", "test_generic_asserts_some_passes.py", "tests", ""], "setup": {"duration": 0.00017189979553222656, "outcome": "passed"}, "call": {"duration": 0.0001308999489992857, "outcome": "passed"}, "teardown": {"duration": 0.00024409987963736057, "outcome": "passed"}}, {"nodeid": "test_generic_asserts_some_passes.py::test_addition_fail", "lineno": 6, "outcome": "failed", "keywords": ["test_addition_fail", "test_generic_asserts_some_passes.py", "tests", ""], "setup": {"duration": 0.00013329996727406979, "outcome": "passed"}, "call": {"duration": 0.00018880004063248634, "outcome": "failed", "crash": {"path": "C:\\Users\\thoma\\Documents\\GitHub\\selenium-testing\\tests\\test_generic_asserts_some_passes.py", "lineno": 9, "message": "assert 5 == 6"}, "traceback": [{"path": "test_generic_asserts_some_passes.py", "lineno": 9, "message": "AssertionError"}], "longrepr": "def test_addition_fail():\n        result = 2 + 3\n>       assert result == 6  # Fails\nE       assert 5 == 6\n\ntest_generic_asserts_some_passes.py:9: AssertionError"}, "teardown": {"duration": 0.0002123001031577587, "outcome": "passed"}}, {"nodeid": "test_generic_asserts_some_passes.py::test_subtraction_pass", "lineno": 10, "outcome": "passed", "keywords": ["test_subtraction_pass", "test_generic_asserts_some_passes.py", "tests", ""], "setup": {"duration": 0.00013189995661377907, "outcome": "passed"}, "call": {"duration": 0.0001289001666009426, "outcome": "passed"}, "teardown": {"duration": 0.00024710013531148434, "outcome": "passed"}}, {"nodeid": "test_generic_asserts_some_passes.py::test_subtraction_fail", "lineno": 14, "outcome": "failed", "keywords": ["test_subtraction_fail", "test_generic_asserts_some_passes.py", "tests", ""], "setup": {"duration": 0.0001813999842852354, "outcome": "passed"}, "call": {"duration": 0.0002921000123023987, "outcome": "failed", "crash": {"path": "C:\\Users\\thoma\\Documents\\GitHub\\selenium-testing\\tests\\test_generic_asserts_some_passes.py", "lineno": 17, "message": "assert 6 == 5"}, "traceback": [{"path": "test_generic_asserts_some_passes.py", "lineno": 17, "message": "AssertionError"}], "longrepr": "def test_subtraction_fail():\n        result = 10 - 4\n>       assert result == 5  # Fails\nE       assert 6 == 5\n\ntest_generic_asserts_some_passes.py:17: AssertionError"}, "teardown": {"duration": 0.0001713000237941742, "outcome": "passed"}}, {"nodeid": "test_generic_asserts_some_passes.py::test_multiplication_pass", "lineno": 18, "outcome": "passed", "keywords": ["test_multiplication_pass", "test_generic_asserts_some_passes.py", "tests", ""], "setup": {"duration": 0.00013359985314309597, "outcome": "passed"}, "call": {"duration": 0.00012800004333257675, "outcome": "passed"}, "teardown": {"duration": 0.00015380000695586205, "outcome": "passed"}}, {"nodeid": "test_generic_asserts_some_passes.py::test_multiplication_fail", "lineno": 22, "outcome": "failed", "keywords": ["test_multiplication_fail", "test_generic_asserts_some_passes.py", "tests", ""], "setup": {"duration": 0.00012310012243688107, "outcome": "passed"}, "call": {"duration": 0.00020810007117688656, "outcome": "failed", "crash": {"path": "C:\\Users\\thoma\\Documents\\GitHub\\selenium-testing\\tests\\test_generic_asserts_some_passes.py", "lineno": 25, "message": "assert 21 == 20"}, "traceback": [{"path": "test_generic_asserts_some_passes.py", "lineno": 25, "message": "AssertionError"}], "longrepr": "def test_multiplication_fail():\n        result = 7 * 3\n>       assert result == 20  # Fails\nE       assert 21 == 20\n\ntest_generic_asserts_some_passes.py:25: AssertionError"}, "teardown": {"duration": 0.00019120005890727043, "outcome": "passed"}}, {"nodeid": "test_generic_asserts_some_passes.py::test_division_pass", "lineno": 26, "outcome": "passed", "keywords": ["test_division_pass", "test_generic_asserts_some_passes.py", "tests", ""], "setup": {"duration": 0.0001642000861465931, "outcome": "passed"}, "call": {"duration": 0.00013409997336566448, "outcome": "passed"}, "teardown": {"duration": 0.00015570013783872128, "outcome": "passed"}}, {"nodeid": "test_generic_asserts_some_passes.py::test_division_fail", "lineno": 30, "outcome": "failed", "keywords": ["test_division_fail", "test_generic_asserts_some_passes.py", "tests", ""], "setup": {"duration": 0.00012560002505779266, "outcome": "passed"}, "call": {"duration": 0.00021570012904703617, "outcome": "failed", "crash": {"path": "C:\\Users\\thoma\\Documents\\GitHub\\selenium-testing\\tests\\test_generic_asserts_some_passes.py", "lineno": 33, "message": "assert 4.0 == 5.0"}, "traceback": [{"path": "test_generic_asserts_some_passes.py", "lineno": 33, "message": "AssertionError"}], "longrepr": "def test_division_fail():\n        result = 8 / 2\n>       assert result == 5.0  # Fails\nE       assert 4.0 == 5.0\n\ntest_generic_asserts_some_passes.py:33: AssertionError"}, "teardown": {"duration": 0.0002172000240534544, "outcome": "passed"}}, {"nodeid": "test_generic_asserts_some_passes.py::test_string_concatenation_pass", "lineno": 34, "outcome": "passed", "keywords": ["test_string_concatenation_pass", "test_generic_asserts_some_passes.py", "tests", ""], "setup": {"duration": 0.00016580009832978249, "outcome": "passed"}, "call": {"duration": 0.00014180014841258526, "outcome": "passed"}, "teardown": {"duration": 0.00017079990357160568, "outcome": "passed"}}, {"nodeid": "test_generic_asserts_some_passes.py::test_string_concatenation_fail", "lineno": 38, "outcome": "failed", "keywords": ["test_string_concatenation_fail", "test_generic_asserts_some_passes.py", "tests", ""], "setup": {"duration": 0.00012800004333257675, "outcome": "passed"}, "call": {"duration": 0.00033980002626776695, "outcome": "failed", "crash": {"path": "C:\\Users\\thoma\\Documents\\GitHub\\selenium-testing\\tests\\test_generic_asserts_some_passes.py", "lineno": 41, "message": "AssertionError: assert 'Hello World' == 'HelloWorld'\n  \n  - HelloWorld\n  + Hello World\n  ?      +"}, "traceback": [{"path": "test_generic_asserts_some_passes.py", "lineno": 41, "message": "AssertionError"}], "longrepr": "def test_string_concatenation_fail():\n        result = \"Hello\" + \" \" + \"World\"\n>       assert result == \"HelloWorld\"  # Fails\nE       AssertionError: assert 'Hello World' == 'HelloWorld'\nE         \nE         - HelloWorld\nE         + Hello World\nE         ?      +\n\ntest_generic_asserts_some_passes.py:41: AssertionError"}, "teardown": {"duration": 0.00023159990087151527, "outcome": "passed"}}, {"nodeid": "test_generic_asserts_some_passes.py::test_list_contains_element_pass", "lineno": 42, "outcome": "passed", "keywords": ["test_list_contains_element_pass", "test_generic_asserts_some_passes.py", "tests", ""], "setup": {"duration": 0.00017230003140866756, "outcome": "passed"}, "call": {"duration": 0.00015690014697611332, "outcome": "passed"}, "teardown": {"duration": 0.00016540009528398514, "outcome": "passed"}}, {"nodeid": "test_generic_asserts_some_passes.py::test_list_contains_element_fail", "lineno": 46, "outcome": "failed", "keywords": ["test_list_contains_element_fail", "test_generic_asserts_some_passes.py", "tests", ""], "setup": {"duration": 0.00013649999164044857, "outcome": "passed"}, "call": {"duration": 0.00019710022024810314, "outcome": "failed", "crash": {"path": "C:\\Users\\thoma\\Documents\\GitHub\\selenium-testing\\tests\\test_generic_asserts_some_passes.py", "lineno": 49, "message": "assert 50 in [10, 20, 30, 40]"}, "traceback": [{"path": "test_generic_asserts_some_passes.py", "lineno": 49, "message": "AssertionError"}], "longrepr": "def test_list_contains_element_fail():\n        lst = [10, 20, 30, 40]\n>       assert 50 in lst  # Fails\nE       assert 50 in [10, 20, 30, 40]\n\ntest_generic_asserts_some_passes.py:49: AssertionError"}, "teardown": {"duration": 0.00016619986854493618, "outcome": "passed"}}, {"nodeid": "test_generic_asserts_some_passes.py::test_dict_key_presence_pass", "lineno": 50, "outcome": "passed", "keywords": ["test_dict_key_presence_pass", "test_generic_asserts_some_passes.py", "tests", ""], "setup": {"duration": 0.00014570006169378757, "outcome": "passed"}, "call": {"duration": 0.0001270999200642109, "outcome": "passed"}, "teardown": {"duration": 0.00016350019723176956, "outcome": "passed"}}, {"nodeid": "test_generic_asserts_some_passes.py::test_dict_key_presence_fail", "lineno": 54, "outcome": "failed", "keywords": ["test_dict_key_presence_fail", "test_generic_asserts_some_passes.py", "tests", ""], "setup": {"duration": 0.0001346999779343605, "outcome": "passed"}, "call": {"duration": 0.0001913001760840416, "outcome": "failed", "crash": {"path": "C:\\Users\\thoma\\Documents\\GitHub\\selenium-testing\\tests\\test_generic_asserts_some_passes.py", "lineno": 57, "message": "AssertionError: assert 'address' in {'age': 25, 'name': 'John'}"}, "traceback": [{"path": "test_generic_asserts_some_passes.py", "lineno": 57, "message": "AssertionError"}], "longrepr": "def test_dict_key_presence_fail():\n        dictionary = {\"name\": \"John\", \"age\": 25}\n>       assert \"address\" in dictionary  # Fails\nE       AssertionError: assert 'address' in {'age': 25, 'name': 'John'}\n\ntest_generic_asserts_some_passes.py:57: AssertionError"}, "teardown": {"duration": 0.00016660010442137718, "outcome": "passed"}}], "warnings": [{"message": "setting remote_server_addr in RemoteConnection() is deprecated, set in ClientConfig instance instead", "category": "DeprecationWarning", "when": "runtest", "filename": "C:\\Users\\thoma\\AppData\\Local\\Packages\\PythonSoftwareFoundation.Python.3.12_qbz5n2kfra8p0\\LocalCache\\local-packages\\Python312\\site-packages\\selenium\\webdriver\\chromium\\remote_connection.py", "lineno": 33}, {"message": "setting remote_server_addr in RemoteConnection() is deprecated, set in ClientConfig instance instead", "category": "DeprecationWarning", "when": "runtest", "filename": "C:\\Users\\thoma\\AppData\\Local\\Packages\\PythonSoftwareFoundation.Python.3.12_qbz5n2kfra8p0\\LocalCache\\local-packages\\Python312\\site-packages\\selenium\\webdriver\\chromium\\remote_connection.py", "lineno": 33}, {"message": "setting remote_server_addr in RemoteConnection() is deprecated, set in ClientConfig instance instead", "category": "DeprecationWarning", "when": "runtest", "filename": "C:\\Users\\thoma\\AppData\\Local\\Packages\\PythonSoftwareFoundation.Python.3.12_qbz5n2kfra8p0\\LocalCache\\local-packages\\Python312\\site-packages\\selenium\\webdriver\\chromium\\remote_connection.py", "lineno": 33}, {"message": "setting remote_server_addr in RemoteConnection() is deprecated, set in ClientConfig instance instead", "category": "DeprecationWarning", "when": "runtest", "filename": "C:\\Users\\thoma\\AppData\\Local\\Packages\\PythonSoftwareFoundation.Python.3.12_qbz5n2kfra8p0\\LocalCache\\local-packages\\Python312\\site-packages\\selenium\\webdriver\\chromium\\remote_connection.py", "lineno": 33}, {"message": "setting remote_server_addr in RemoteConnection() is deprecated, set in ClientConfig instance instead", "category": "DeprecationWarning", "when": "runtest", "filename": "C:\\Users\\thoma\\AppData\\Local\\Packages\\PythonSoftwareFoundation.Python.3.12_qbz5n2kfra8p0\\LocalCache\\local-packages\\Python312\\site-packages\\selenium\\webdriver\\chromium\\remote_connection.py", "lineno": 33}, {"message": "setting remote_server_addr in RemoteConnection() is deprecated, set in ClientConfig instance instead", "category": "DeprecationWarning", "when": "runtest", "filename": "C:\\Users\\thoma\\AppData\\Local\\Packages\\PythonSoftwareFoundation.Python.3.12_qbz5n2kfra8p0\\LocalCache\\local-packages\\Python312\\site-packages\\selenium\\webdriver\\chromium\\remote_connection.py", "lineno": 33}, {"message": "setting remote_server_addr in RemoteConnection() is deprecated, set in ClientConfig instance instead", "category": "DeprecationWarning", "when": "runtest", "filename": "C:\\Users\\thoma\\AppData\\Local\\Packages\\PythonSoftwareFoundation.Python.3.12_qbz5n2kfra8p0\\LocalCache\\local-packages\\Python312\\site-packages\\selenium\\webdriver\\chromium\\remote_connection.py", "lineno": 33}, {"message": "setting remote_server_addr in RemoteConnection() is deprecated, set in ClientConfig instance instead", "category": "DeprecationWarning", "when": "runtest", "filename": "C:\\Users\\thoma\\AppData\\Local\\Packages\\PythonSoftwareFoundation.Python.3.12_qbz5n2kfra8p0\\LocalCache\\local-packages\\Python312\\site-packages\\selenium\\webdriver\\chromium\\remote_connection.py", "lineno": 33}]}