{"content": {"suites": {"0": {"status": {"total_pass": 5, "total_skip": 0, "total_xpass": 0, "total_xfail": 0, "total_rerun": 0, "total_fail": 3, "total_error": 0}, "tests": {"0": {"status": "PASS", "message": "", "test_name": "test_google_search", "rerun": "0"}, "1": {"status": "PASS", "message": "", "test_name": "test_youtube_homepage", "rerun": "0"}, "2": {"status": "PASS", "message": "", "test_name": "test_google_search_results", "rerun": "0"}, "3": {"status": "FAIL", "message": "   assert 'Selenium' in 'Sel\u00eanio \u2013 Wikip\u00e9dia, a enciclop\u00e9dia livre'\n    +  where 'Sel\u00eanio \u2013 Wikip\u00e9dia, a enciclop\u00e9dia livre' = <selenium.webdriver.chrome.webdriver.WebDriver (session=\"43eb47f73db4e49dd406ff1632f6b98f\")>.title\n", "test_name": "test_wikipedia_homepage", "rerun": "0"}, "4": {"status": "FAIL", "message": "   selenium.common.exceptions.NoSuchElementException: Message: no such element: Unable to locate element: {\"method\":\"css selector\",\"selector\":\"[id=\"twotabsearchtextbox\"]\"}\n     (Session info: chrome=130.0.6723.119); For documentation on this error, please visit: https://www.selenium.dev/documentation/webdriver/troubleshooting/errors#no-such-element-exception\n   Stacktrace:\n   \tGetHandleVerifier [0x00DCEBD3+24307]\n   \t(No symbol) [0x00D58D74]\n   \t(No symbol) [0x00C3C323]\n   \t(No symbol) [0x00C7DC86]\n   \t(No symbol) [0x00C7DECB]\n   \t(No symbol) [0x00CBB9F2]\n   \t(No symbol) [0x00C9FED4]\n   \t(No symbol) [0x00CB9579]\n   \t(No symbol) [0x00C9FC26]\n   \t(No symbol) [0x00C7219C]\n   \t(No symbol) [0x00C7311D]\n   \tGetHandleVerifier [0x01078D93+2818227]\n   \tGetHandleVerifier [0x010D542E+3196750]\n   \tGetHandleVerifier [0x010CD9D2+3165426]\n   \tGetHandleVerifier [0x00E6DA70+675216]\n   \t(No symbol) [0x00D61B3D]\n   \t(No symbol) [0x00D5EA18]\n   \t(No symbol) [0x00D5EBB5]\n   \t(No symbol) [0x00D51640]\n   \tBaseThreadInitThunk [0x75917BA9+25]\n   \tRtlInitializeExceptionChain [0x7761C0CB+107]\n   \tRtlClearBits [0x7761C04F+191]\n", "test_name": "test_amazon_search", "rerun": "0"}, "5": {"status": "PASS", "message": "", "test_name": "test_twitter_title", "rerun": "0"}, "6": {"status": "PASS", "message": "", "test_name": "test_github_title", "rerun": "0"}, "7": {"status": "FAIL", "message": "   selenium.common.exceptions.NoSuchElementException: Message: no such element: Unable to locate element: {\"method\":\"css selector\",\"selector\":\"[name=\"q\"]\"}\n     (Session info: chrome=130.0.6723.119); For documentation on this error, please visit: https://www.selenium.dev/documentation/webdriver/troubleshooting/errors#no-such-element-exception\n   Stacktrace:\n   \tGetHandleVerifier [0x00DCEBD3+24307]\n   \t(No symbol) [0x00D58D74]\n   \t(No symbol) [0x00C3C323]\n   \t(No symbol) [0x00C7DC86]\n   \t(No symbol) [0x00C7DECB]\n   \t(No symbol) [0x00CBB9F2]\n   \t(No symbol) [0x00C9FED4]\n   \t(No symbol) [0x00CB9579]\n   \t(No symbol) [0x00C9FC26]\n   \t(No symbol) [0x00C7219C]\n   \t(No symbol) [0x00C7311D]\n   \tGetHandleVerifier [0x01078D93+2818227]\n   \tGetHandleVerifier [0x010D542E+3196750]\n   \tGetHandleVerifier [0x010CD9D2+3165426]\n   \tGetHandleVerifier [0x00E6DA70+675216]\n   \t(No symbol) [0x00D61B3D]\n   \t(No symbol) [0x00D5EA18]\n   \t(No symbol) [0x00D5EBB5]\n   \t(No symbol) [0x00D51640]\n   \tBaseThreadInitThunk [0x75917BA9+25]\n   \tRtlInitializeExceptionChain [0x7761C0CB+107]\n   \tRtlClearBits [0x7761C04F+191]\n", "test_name": "test_github_search", "rerun": "0"}}, "suite_name": "test_for_selenium.py"}, "1": {"suite_name": "test_generic_asserts_all_passes.py", "tests": {"0": {"status": "PASS", "message": "", "test_name": "test_addition", "rerun": "0"}, "1": {"status": "PASS", "message": "", "test_name": "test_subtraction", "rerun": "0"}, "2": {"status": "PASS", "message": "", "test_name": "test_multiplication", "rerun": "0"}, "3": {"status": "PASS", "message": "", "test_name": "test_division", "rerun": "0"}, "4": {"status": "PASS", "message": "", "test_name": "test_string_concatenation", "rerun": "0"}, "5": {"status": "PASS", "message": "", "test_name": "test_string_length", "rerun": "0"}, "6": {"status": "PASS", "message": "", "test_name": "test_substring_presence", "rerun": "0"}, "7": {"status": "PASS", "message": "", "test_name": "test_list_length", "rerun": "0"}, "8": {"status": "PASS", "message": "", "test_name": "test_list_contains_element", "rerun": "0"}, "9": {"status": "PASS", "message": "", "test_name": "test_dict_key_presence", "rerun": "0"}, "10": {"status": "PASS", "message": "", "test_name": "test_boolean_value", "rerun": "0"}, "11": {"status": "PASS", "message": "", "test_name": "test_negative_number", "rerun": "0"}, "12": {"status": "PASS", "message": "", "test_name": "test_division_by_zero", "rerun": "0"}}, "status": {"total_pass": 13, "total_skip": 0, "total_xpass": 0, "total_xfail": 0, "total_rerun": 0, "total_fail": 0, "total_error": 0}}, "2": {"suite_name": "test_generic_asserts_none_passes.py", "tests": {"0": {"status": "FAIL", "message": "   assert 5 == 6\n", "test_name": "test_addition_fail", "rerun": "0"}, "1": {"status": "FAIL", "message": "   assert 6 == 5\n", "test_name": "test_subtraction_fail", "rerun": "0"}, "2": {"status": "FAIL", "message": "   assert 21 == 20\n", "test_name": "test_multiplication_fail", "rerun": "0"}, "3": {"status": "FAIL", "message": "   assert 4.0 == 5.0\n", "test_name": "test_division_fail", "rerun": "0"}, "4": {"status": "FAIL", "message": "   AssertionError: assert 'Hello World' == 'HelloWorld'\n     \n     - HelloWorld\n     + Hello World\n     ?      +\n", "test_name": "test_string_concatenation_fail", "rerun": "0"}, "5": {"status": "FAIL", "message": "   AssertionError: assert 6 == 5\n    +  where 6 = len('Python')\n", "test_name": "test_string_length_fail", "rerun": "0"}, "6": {"status": "FAIL", "message": "   AssertionError: assert 'boring' in 'Pytest is fun'\n", "test_name": "test_substring_presence_fail", "rerun": "0"}, "7": {"status": "FAIL", "message": "   assert 4 == 5\n    +  where 4 = len([1, 2, 3, 4])\n", "test_name": "test_list_length_fail", "rerun": "0"}, "8": {"status": "FAIL", "message": "   assert 50 in [10, 20, 30, 40]\n", "test_name": "test_list_contains_element_fail", "rerun": "0"}, "9": {"status": "FAIL", "message": "   AssertionError: assert 'address' in {'age': 25, 'name': 'John'}\n", "test_name": "test_dict_key_presence_fail", "rerun": "0"}, "10": {"status": "FAIL", "message": "   assert True is False\n", "test_name": "test_boolean_value_fail", "rerun": "0"}, "11": {"status": "FAIL", "message": "   assert -10 > 0\n", "test_name": "test_negative_number_fail", "rerun": "0"}, "12": {"status": "FAIL", "message": "       ZeroDivisionError: division by zero\n", "test_name": "test_division_by_zero_fail", "rerun": "0"}}, "status": {"total_pass": 0, "total_skip": 0, "total_xpass": 0, "total_xfail": 0, "total_rerun": 0, "total_fail": 13, "total_error": 0}}, "3": {"suite_name": "test_generic_asserts_some_passes.py", "tests": {"0": {"status": "PASS", "message": "", "test_name": "test_addition_pass", "rerun": "0"}, "1": {"status": "FAIL", "message": "   assert 5 == 6\n", "test_name": "test_addition_fail", "rerun": "0"}, "2": {"status": "PASS", "message": "", "test_name": "test_subtraction_pass", "rerun": "0"}, "3": {"status": "FAIL", "message": "   assert 6 == 5\n", "test_name": "test_subtraction_fail", "rerun": "0"}, "4": {"status": "PASS", "message": "", "test_name": "test_multiplication_pass", "rerun": "0"}, "5": {"status": "FAIL", "message": "   assert 21 == 20\n", "test_name": "test_multiplication_fail", "rerun": "0"}, "6": {"status": "PASS", "message": "", "test_name": "test_division_pass", "rerun": "0"}, "7": {"status": "FAIL", "message": "   assert 4.0 == 5.0\n", "test_name": "test_division_fail", "rerun": "0"}, "8": {"status": "PASS", "message": "", "test_name": "test_string_concatenation_pass", "rerun": "0"}, "9": {"status": "FAIL", "message": "   AssertionError: assert 'Hello World' == 'HelloWorld'\n     \n     - HelloWorld\n     + Hello World\n     ?      +\n", "test_name": "test_string_concatenation_fail", "rerun": "0"}, "10": {"status": "PASS", "message": "", "test_name": "test_list_contains_element_pass", "rerun": "0"}, "11": {"status": "FAIL", "message": "   assert 50 in [10, 20, 30, 40]\n", "test_name": "test_list_contains_element_fail", "rerun": "0"}, "12": {"status": "PASS", "message": "", "test_name": "test_dict_key_presence_pass", "rerun": "0"}, "13": {"status": "FAIL", "message": "   AssertionError: assert 'address' in {'age': 25, 'name': 'John'}\n", "test_name": "test_dict_key_presence_fail", "rerun": "0"}}, "status": {"total_pass": 7, "total_skip": 0, "total_xpass": 0, "total_xfail": 0, "total_rerun": 0, "total_fail": 7, "total_error": 0}}}}, "date": "November 18, 2024", "start_time": 1731932763.09327, "total_suite": 4, "status": "FAIL", "status_list": {"pass": "25", "fail": "23", "skip": "0", "error": "0", "xpass": "0", "xfail": "0", "rerun": "0"}, "total_tests": "48"}